Command line:
   ALU_TB_isim_beh.exe
     -simmode  gui
     -simrunnum  0
     -socket  54514

Sun Apr 17 21:58:29 2016


 Elaboration Time: 0.0625 sec

 Current Memory Usage: 839.619 Meg

 Total Signals          : 10
 Total Nets             : 103
 Total Signal Drivers   : 5
 Total Blocks           : 5
 Total Primitive Blocks : 4
 Total Processes        : 2
 Total Traceable Variables  : 10
 Total Scalar Nets and Variables : 481
Total Line Count : 36

 Total Simulation Time: 0.1875 sec

 Current Memory Usage: 682.332 Meg

Sun Apr 17 21:59:40 2016

