Command line:
   ALU_isim_beh.exe
     -simmode  gui
     -simrunnum  0
     -socket  53439

Sat Apr 23 08:54:36 2016


 Elaboration Time: 0.078125 sec

 Current Memory Usage: 355.181 Meg

 Total Signals          : 5
 Total Nets             : 103
 Total Signal Drivers   : 1
 Total Blocks           : 4
 Total Primitive Blocks : 4
 Total Processes        : 1
 Total Traceable Variables  : 10
 Total Scalar Nets and Variables : 481
Total Line Count : 12

 Total Simulation Time: 0.203125 sec

 Current Memory Usage: 669.77 Meg

Sat Apr 23 08:55:16 2016

